<?xml version="1.0" encoding="UTF-8"?>
<!-- Generated by org.testng.reporters.JUnitReportReporter -->
<testsuite hostname="PC10356" name="com.catalyst.springboot.selenium.modal.LoginTest" tests="2" failures="0" timestamp="4 Feb 2016 21:53:17 GMT" time="4.143" errors="0">
  <testcase name="invalidLoginTest" time="2.776" classname="com.catalyst.springboot.selenium.modal.LoginTest"/>
  <testcase name="validLoginTest" time="1.367" classname="com.catalyst.springboot.selenium.modal.LoginTest"/>
</testsuite> <!-- com.catalyst.springboot.selenium.modal.LoginTest -->
