<?xml version="1.0" encoding="UTF-8"?>
<!-- Generated by org.testng.reporters.JUnitReportReporter -->
<testsuite hostname="PC10356" name="com.catalyst.springboot.selenium.test.LoginTest" tests="2" failures="0" timestamp="4 Feb 2016 21:47:48 GMT" time="3.007" errors="0">
  <testcase name="validLoginTest" time="1.327" classname="com.catalyst.springboot.selenium.test.LoginTest"/>
  <testcase name="invalidLoginTest" time="1.680" classname="com.catalyst.springboot.selenium.test.LoginTest"/>
</testsuite> <!-- com.catalyst.springboot.selenium.test.LoginTest -->
