<?xml version="1.0" encoding="UTF-8"?>
<!-- Generated by org.testng.reporters.JUnitReportReporter -->
<testsuite hostname="PC20142" name="com.catalyst.springboot.security.LoginSeleniumTest" tests="3" failures="0" timestamp="1 Feb 2016 21:10:12 GMT" time="10.905" errors="0">
  <testcase name="LoginFailure" time="8.069" classname="com.catalyst.springboot.security.LoginSeleniumTest"/>
  <testcase name="LoginSuccess" time="2.622" classname="com.catalyst.springboot.security.LoginSeleniumTest"/>
  <testcase name="LoginPageTest" time="0.214" classname="com.catalyst.springboot.security.LoginSeleniumTest"/>
</testsuite> <!-- com.catalyst.springboot.security.LoginSeleniumTest -->
